 2026-01-31T07:20:31.554Z NEW REQ PUT
    TO /api/v1/clearcart FROM ::1 200 IN 1 2026-01-31T07:20:51.417Z NEW REQ PUT
    TO /api/v1/clearcart FROM ::1 200 IN 0 2026-01-31T07:22:16.569Z NEW REQ PUT
    TO /api/v1/clearcart FROM ::1 200 IN 0 2026-01-31T07:23:49.212Z NEW REQ PUT
    TO /api/v1/cart/clearcart FROM ::1 200 IN 0 2026-01-31T07:23:55.214Z NEW REQ PUT
    TO /api/v1/cart/clearcart FROM ::1 200 IN 0 2026-01-31T09:52:55.551Z NEW REQ GET
    TO /favicon.ico FROM ::1 200 IN 1
     2026-01-31T11:24:46.793Z NEW REQ GET
    TO /api-docs FROM ::1 200 IN 1 2026-01-31T11:24:50.781Z NEW REQ GET
    TO /api-docs FROM ::1 200 IN 0 2026-01-31T11:24:54.822Z NEW REQ GET
    TO /api-docs FROM ::1 200 IN 0 2026-01-31T11:25:01.504Z NEW REQ GET
    TO /api-docs FROM ::1 200 IN 1 2026-01-31T11:25:20.381Z NEW REQ GET
    TO /api-docs FROM ::1 200 IN 3 2026-01-31T11:25:21.972Z NEW REQ GET
    TO /api-docs FROM ::1 200 IN 0 2026-01-31T11:25:25.089Z NEW REQ GET
    TO /api-docs FROM ::1 200 IN 1 2026-01-31T11:25:33.278Z NEW REQ GET
    TO /api-docs FROM ::1 200 IN 0 2026-01-31T11:25:38.388Z NEW REQ GET
    TO /api-docs FROM ::1 200 IN 0 2026-01-31T11:29:18.460Z NEW REQ POST
    TO /api/signup FROM ::1 200 IN 0 2026-01-31T11:32:37.212Z NEW REQ POST
    TO /api/v1/signup FROM ::1 200 IN 1 2026-01-31T11:35:24.066Z NEW REQ POST
    TO /api/v1/api/v1/auth/signup FROM ::1 200 IN 0 2026-05-06T06:23:35.005Z NEW REQ GET
    TO /app FROM ::1 200 IN 14 2026-05-06T06:23:40.280Z NEW REQ GET
    TO /favicon.ico FROM ::1 200 IN 0 2026-05-06T07:04:05.069Z NEW REQ GET
    TO /users FROM ::1 200 IN 13 2026-05-06T08:22:10.273Z NEW REQ POST
    TO /api/v1/address/ FROM ::1 200 IN 1 2026-05-06T09:11:18.950Z NEW REQ POST
    TO /api/v1/address/changepassword FROM ::1 200 IN 0 2026-05-06T09:11:35.324Z NEW REQ PATCH
    TO /api/v1/address/changepassword FROM ::1 200 IN 0 2026-05-06T13:48:17.301Z NEW REQ GET
    TO /api/v1/categories/69fb44d1940b0a92bae91ba1 FROM ::1 200 IN 1 2026-05-07T05:47:09.215Z NEW REQ GET
    TO /api/v1/cart/ FROM ::1 200 IN 0 2026-05-07T06:35:56.525Z NEW REQ GET
    TO /api/v1/cart/removeCart/69fb48f1940b0a92bae91bb9 FROM ::1 200 IN 35 2026-05-07T07:34:21.605Z NEW REQ GET
    TO /api/v1/order/statusupdate/69fc39cbb9cb3f3be9ad2248 FROM ::1 200 IN 1